[debug] [2023-05-30T20:59:06.310Z] ----------------------------------------------------------------------
[debug] [2023-05-30T20:59:06.311Z] Command:       C:\Program Files\nodejs\node.exe C:\Users\jadha\AppData\Roaming\npm\node_modules\firebase-tools\lib\bin\firebase.js init
[debug] [2023-05-30T20:59:06.311Z] CLI Version:   12.2.1
[debug] [2023-05-30T20:59:06.312Z] Platform:      win32
[debug] [2023-05-30T20:59:06.312Z] Node Version:  v18.16.0
[debug] [2023-05-30T20:59:06.313Z] Time:          Wed May 31 2023 02:29:06 GMT+0530 (India Standard Time)
[debug] [2023-05-30T20:59:06.313Z] ----------------------------------------------------------------------
[debug] 
[debug] [2023-05-30T20:59:06.378Z] > command requires scopes: ["email","openid","https://www.googleapis.com/auth/cloudplatformprojects.readonly","https://www.googleapis.com/auth/firebase","https://www.googleapis.com/auth/cloud-platform"]
[debug] [2023-05-30T20:59:06.378Z] > authorizing via signed-in user (rohitjadhav7053@gmail.com)
[info] 
     ######## #### ########  ######## ########     ###     ######  ########
     ##        ##  ##     ## ##       ##     ##  ##   ##  ##       ##
     ######    ##  ########  ######   ########  #########  ######  ######
     ##        ##  ##    ##  ##       ##     ## ##     ##       ## ##
     ##       #### ##     ## ######## ########  ##     ##  ######  ########

You're about to initialize a Firebase project in this directory:

  D:\Project\cc_cta\github-profiles

Before we get started, keep in mind:

  * You are initializing within an existing Firebase project directory

